Alive
Alive
0;door;127.0.0.1;8084;1450174083;Open;0;0;1
Vote_Commit
: Received Vote to Commit Changes
Done
: Changes committed
Message received from keychain = 1450174084;True;1;0;1
: Sending Request to prepareVote_Commit
: Received Vote to Commit Changes
Done
: Changes committed
Message received from motionsensor = 1450174085;True;1;1;1
: Sending Request to prepareVote_Commit
: Received Vote to Commit Changes
Done
: Changes committed
Alive
Message received from keychain = 1450174089;True;2;1;1
: Sending Request to prepareMessage received from motionsensor = 1450174090;True;2;2;1
: Sending Request to prepareMessage received from keychain = 1450174094;False;3;2;2
: Sending Request to prepareMessage received from motionsensor = 1450174095;False;3;3;2
: Sending Request to prepareMessage received from keychain = 1450174099;False;4;3;2
: Sending Request to prepareMessage received from motionsensor = 1450174100;False;4;4;2
: Sending Request to prepareMessage received from keychain = 1450174104;True;5;4;3
: Sending Request to prepareMessage received from motionsensor = 1450174105;True;5;5;3
: Sending Request to prepareMessage received from keychain = 1450174109;True;6;5;3
: Sending Request to prepareMessage received from motionsensor = 1450174110;True;6;6;3
: Sending Request to prepareMessage received from keychain = 1450174114;True;7;6;4
: Sending Request to prepareMessage received from motionsensor = 1450174115;True;7;7;4
: Sending Request to prepareMessage received from keychain = 1450174119;True;8;7;5
: Sending Request to prepareMessage received from motionsensor = 1450174120;True;8;8;5
: Sending Request to prepareMessage received from keychain = 1450174124;False;9;8;6
: Sending Request to prepareMessage received from motionsensor = 1450174125;False;9;9;6
: Sending Request to prepareMessage received from keychain = 1450174129;False;10;9;6
: Sending Request to prepareMessage received from motionsensor = 1450174130;False;10;10;6
: Sending Request to prepare