Message received from door = 1449198830;Open;0;0;1
Message received from keychain = 1449198831;True;1;0;1
Message received from motionsensor = 1449198832;True;1;1;1
Message received from keychain = 1449198836;True;2;1;1
Message received from motionsensor = 1449198837;True;2;2;1
Message received from door = 1449198840;Close;2;2;2
Message received from keychain = 1449198841;False;3;2;2
Message received from motionsensor = 1449198842;False;3;3;2
Message received from keychain = 1449198846;False;4;3;2
Message received from motionsensor = 1449198847;False;4;4;2
Message received from door = 1449198850;Open;4;4;3
Message received from keychain = 1449198851;True;5;4;3
Message received from motionsensor = 1449198852;True;5;5;3
Message received from keychain = 1449198856;True;6;5;3
Message received from motionsensor = 1449198857;True;6;6;3
Message received from door = 1449198860;Close;6;6;4
Message received from keychain = 1449198861;True;7;6;4
Message received from motionsensor = 1449198862;True;7;7;4
Message received from door = 1449198865;Open;7;7;5
Message received from keychain = 1449198866;True;8;7;5
Message received from motionsensor = 1449198867;True;8;8;5
Message received from door = 1449198867;Close;8;7;6
Message received from keychain = 1449198871;False;9;8;6
Message received from motionsensor = 1449198872;False;9;9;6
Message received from keychain = 1449198876;False;10;9;6
Message received from motionsensor = 1449198877;False;10;10;6
